<?xml version="1.0" encoding="UTF-8"?>
<!-- Generated by org.testng.reporters.JUnitXMLReporter -->
<testsuite hostname="DESKTOP-KLAJQQR" ignored="0" name="Default test" tests="6" failures="0" timestamp="2020-08-11T09:26:28 GMT-04:00" time="32.924" errors="0">
  <testcase name="LoginTest" time="1.907" classname="execution.ExecuteERP"/>
  <testcase name="ClickOnCompanyProfile" time="5.19" classname="execution.ExecuteERP"/>
  <testcase name="setCompanyProfile" time="4.968" classname="execution.ExecuteERP"/>
  <testcase name="clickOnSettings" time="3.533" classname="execution.ExecuteERP"/>
  <testcase name="createUser" time="5.494" classname="execution.ExecuteERP"/>
  <testcase name="assignAdminrole" time="3.143" classname="execution.ExecuteERP"/>
</testsuite> <!-- Default test -->
